============================================================
  Generated by:           Genus(TM) Synthesis Solution GENUS15.20 - 15.20-p004_1
  Generated on:           May 11 2025  06:45:44 am
  Module:                 synth_wrapper
  Interconnect mode:      global
  Area mode:              timing library
============================================================

Timing
--------

Clock Period 
-------------
clk   1250.0 


  Cost    Critical       Violating 
 Group   Path Slack TNS    Paths   
-----------------------------------
default         0.0   0          0 
-----------------------------------
Total                 0          0 

Instance Count
--------------
Leaf Instance Count             154 
Sequential Instance Count         5 
Combinational Instance Count    149 
Hierarchical Instance Count       0 

Area
----
Cell Area                          1149.853
Physical Cell Area                 0.000
Total Cell Area (Cell+Physical)    1149.853
Net Area                           834.425
Total Area (Cell+Physical+Net)     1984.278

Max Fanout                         12 (op[1])
Min Fanout                         1 (carry)
Average Fanout                     2.0
Terms to net ratio                 2.9
Terms to instance ratio            3.2
Runtime                            8.833 seconds
Elapsed Runtime                    10 seconds
RC peak memory usage:              476.75 
EDI peak memory usage:             no_value 
Hostname                           centos7
