============================================================
  Generated by:           Genus(TM) Synthesis Solution GENUS15.20 - 15.20-p004_1
  Generated on:           May 19 2025  01:53:05 am
  Module:                 synth_wrapper
  Interconnect mode:      global
  Area mode:              timing library
============================================================

                                               
           Gate             Instances   Area                Library             
--------------------------------------------------------------------------------
sky130_fd_sc_hd__a21boi_0           1    7.507    sky130_fd_sc_hd__tt_025C_1v80 
sky130_fd_sc_hd__a21o_1             4   30.029    sky130_fd_sc_hd__tt_025C_1v80 
sky130_fd_sc_hd__a21oi_1            2   10.010    sky130_fd_sc_hd__tt_025C_1v80 
sky130_fd_sc_hd__a21oi_2            2   17.517    sky130_fd_sc_hd__tt_025C_1v80 
sky130_fd_sc_hd__a22o_1             1    8.758    sky130_fd_sc_hd__tt_025C_1v80 
sky130_fd_sc_hd__a22oi_1            1    7.507    sky130_fd_sc_hd__tt_025C_1v80 
sky130_fd_sc_hd__a2bb2oi_1          1    8.758    sky130_fd_sc_hd__tt_025C_1v80 
sky130_fd_sc_hd__a2bb2oi_2          1   15.014    sky130_fd_sc_hd__tt_025C_1v80 
sky130_fd_sc_hd__buf_1              1    3.754    sky130_fd_sc_hd__tt_025C_1v80 
sky130_fd_sc_hd__buf_2              1    5.005    sky130_fd_sc_hd__tt_025C_1v80 
sky130_fd_sc_hd__buf_4              1    7.507    sky130_fd_sc_hd__tt_025C_1v80 
sky130_fd_sc_hd__clkbuf_1           1    3.754    sky130_fd_sc_hd__tt_025C_1v80 
sky130_fd_sc_hd__clkinv_2           1    5.005    sky130_fd_sc_hd__tt_025C_1v80 
sky130_fd_sc_hd__clkinv_4           2   17.517    sky130_fd_sc_hd__tt_025C_1v80 
sky130_fd_sc_hd__dfrtp_1            5  125.120    sky130_fd_sc_hd__tt_025C_1v80 
sky130_fd_sc_hd__inv_1              3   11.261    sky130_fd_sc_hd__tt_025C_1v80 
sky130_fd_sc_hd__inv_2             11   41.290    sky130_fd_sc_hd__tt_025C_1v80 
sky130_fd_sc_hd__inv_4              2   12.512    sky130_fd_sc_hd__tt_025C_1v80 
sky130_fd_sc_hd__inv_6              4   35.034    sky130_fd_sc_hd__tt_025C_1v80 
sky130_fd_sc_hd__nand2_1           15   56.304    sky130_fd_sc_hd__tt_025C_1v80 
sky130_fd_sc_hd__nand2_2            8   50.048    sky130_fd_sc_hd__tt_025C_1v80 
sky130_fd_sc_hd__nand2_4           12  135.130    sky130_fd_sc_hd__tt_025C_1v80 
sky130_fd_sc_hd__nand2b_1           1    6.256    sky130_fd_sc_hd__tt_025C_1v80 
sky130_fd_sc_hd__nand3_1            6   30.029    sky130_fd_sc_hd__tt_025C_1v80 
sky130_fd_sc_hd__nand3_2            2   20.019    sky130_fd_sc_hd__tt_025C_1v80 
sky130_fd_sc_hd__nand3_4            1   17.517    sky130_fd_sc_hd__tt_025C_1v80 
sky130_fd_sc_hd__nand3b_1           1    7.507    sky130_fd_sc_hd__tt_025C_1v80 
sky130_fd_sc_hd__nand4_1            2   12.512    sky130_fd_sc_hd__tt_025C_1v80 
sky130_fd_sc_hd__nand4_2            1   12.512    sky130_fd_sc_hd__tt_025C_1v80 
sky130_fd_sc_hd__nor2_1             6   22.522    sky130_fd_sc_hd__tt_025C_1v80 
sky130_fd_sc_hd__nor2_2             4   25.024    sky130_fd_sc_hd__tt_025C_1v80 
sky130_fd_sc_hd__nor2_4             1   11.261    sky130_fd_sc_hd__tt_025C_1v80 
sky130_fd_sc_hd__nor2_8             1   20.019    sky130_fd_sc_hd__tt_025C_1v80 
sky130_fd_sc_hd__nor2b_1            1    6.256    sky130_fd_sc_hd__tt_025C_1v80 
sky130_fd_sc_hd__o21a_1             1    7.507    sky130_fd_sc_hd__tt_025C_1v80 
sky130_fd_sc_hd__o21ai_1            4   20.019    sky130_fd_sc_hd__tt_025C_1v80 
sky130_fd_sc_hd__o21ai_2            3   26.275    sky130_fd_sc_hd__tt_025C_1v80 
sky130_fd_sc_hd__o21bai_4           1   18.768    sky130_fd_sc_hd__tt_025C_1v80 
sky130_fd_sc_hd__o221a_1            1   11.261    sky130_fd_sc_hd__tt_025C_1v80 
sky130_fd_sc_hd__o22ai_1            2   12.512    sky130_fd_sc_hd__tt_025C_1v80 
sky130_fd_sc_hd__o31a_1             1    8.758    sky130_fd_sc_hd__tt_025C_1v80 
sky130_fd_sc_hd__or2_1              2   12.512    sky130_fd_sc_hd__tt_025C_1v80 
sky130_fd_sc_hd__xnor2_1            2   17.517    sky130_fd_sc_hd__tt_025C_1v80 
sky130_fd_sc_hd__xnor2_4            1   27.526    sky130_fd_sc_hd__tt_025C_1v80 
sky130_fd_sc_hd__xor2_1             1    8.758    sky130_fd_sc_hd__tt_025C_1v80 
--------------------------------------------------------------------------------
total                             126  977.187                                  


                                    
   Type    Instances   Area  Area % 
------------------------------------
sequential         5 125.120   12.8 
inverter          23 122.618   12.5 
buffer             4  20.019    2.0 
logic             94 709.430   72.6 
------------------------------------
total            126 977.187  100.0 

